LOG4J2 2026-01-16 14:08:55 INFO  com.example.salary_structure.SalaryStructureApplication - Starting SalaryStructureApplication using Java 24 with PID 19212 (C:\Users\DELL\Desktop\EMSPROJECT1.O\EMSPROJECT1.NEW\backend-java\salary_structure\target\classes started by DELL in C:\Users\DELL\Desktop\EMSPROJECT1.O\EMSPROJECT1.NEW\backend-java\salary_structure)
LOG4J2 2026-01-16 14:08:55 DEBUG com.example.salary_structure.SalaryStructureApplication - Running with Spring Boot v3.5.7, Spring v6.2.12
LOG4J2 2026-01-16 14:08:55 INFO  com.example.salary_structure.SalaryStructureApplication - No active profile set, falling back to 1 default profile: "default"
LOG4J2 2026-01-16 14:09:09 INFO  com.example.salary_structure.SalaryStructureApplication - Started SalaryStructureApplication in 16.467 seconds (process running for 22.565)
LOG4J2 2026-01-16 14:39:17 INFO  com.example.salary_structure.SalaryStructureApplication - Starting SalaryStructureApplication using Java 24 with PID 9024 (C:\Users\DELL\Desktop\EMSPROJECT1.O\EMSPROJECT1.NEW\backend-java\salary_structure\target\classes started by DELL in C:\Users\DELL\Desktop\EMSPROJECT1.O\EMSPROJECT1.NEW\backend-java\salary_structure)
LOG4J2 2026-01-16 14:39:17 DEBUG com.example.salary_structure.SalaryStructureApplication - Running with Spring Boot v3.5.7, Spring v6.2.12
LOG4J2 2026-01-16 14:39:17 INFO  com.example.salary_structure.SalaryStructureApplication - No active profile set, falling back to 1 default profile: "default"
LOG4J2 2026-01-16 14:39:27 INFO  com.example.salary_structure.SalaryStructureApplication - Started SalaryStructureApplication in 11.179 seconds (process running for 14.912)
LOG4J2 2026-01-16 17:50:07 INFO  com.example.salary_structure.SalaryStructureApplication - Starting SalaryStructureApplication using Java 24 with PID 18196 (C:\Users\DELL\Desktop\EMSPROJECT1.O\EMSPROJECT1.NEW\backend-java\salary_structure\target\classes started by DELL in C:\Users\DELL\Desktop\EMSPROJECT1.O\EMSPROJECT1.NEW\backend-java\salary_structure)
LOG4J2 2026-01-16 17:50:08 DEBUG com.example.salary_structure.SalaryStructureApplication - Running with Spring Boot v3.5.7, Spring v6.2.12
LOG4J2 2026-01-16 17:50:08 INFO  com.example.salary_structure.SalaryStructureApplication - No active profile set, falling back to 1 default profile: "default"
LOG4J2 2026-01-16 17:50:17 INFO  com.example.salary_structure.SalaryStructureApplication - Started SalaryStructureApplication in 9.948 seconds (process running for 12.599)
LOG4J2 2026-01-19 09:35:48 INFO  com.example.salary_structure.SalaryStructureApplication - Starting SalaryStructureApplication using Java 24 with PID 10336 (C:\Users\DELL\Desktop\EMSPROJECT1.O\EMSPROJECT1.NEW\backend-java\salary_structure\target\classes started by DELL in C:\Users\DELL\Desktop\EMSPROJECT1.O\EMSPROJECT1.NEW\backend-java\salary_structure)
LOG4J2 2026-01-19 09:35:48 DEBUG com.example.salary_structure.SalaryStructureApplication - Running with Spring Boot v3.5.7, Spring v6.2.12
LOG4J2 2026-01-19 09:35:48 INFO  com.example.salary_structure.SalaryStructureApplication - No active profile set, falling back to 1 default profile: "default"
LOG4J2 2026-01-19 09:36:18 INFO  com.example.salary_structure.SalaryStructureApplication - Started SalaryStructureApplication in 31.732 seconds (process running for 36.378)
LOG4J2 2026-01-19 13:12:52 INFO  com.example.salary_structure.SalaryStructureApplication - Starting SalaryStructureApplication using Java 24 with PID 12560 (C:\Users\DELL\Desktop\EMSPROJECT1.O\EMSPROJECT1.NEW\backend-java\salary_structure\target\classes started by DELL in C:\Users\DELL\Desktop\EMSPROJECT1.O\EMSPROJECT1.NEW\backend-java\salary_structure)
LOG4J2 2026-01-19 13:12:52 DEBUG com.example.salary_structure.SalaryStructureApplication - Running with Spring Boot v3.5.7, Spring v6.2.12
LOG4J2 2026-01-19 13:12:52 INFO  com.example.salary_structure.SalaryStructureApplication - No active profile set, falling back to 1 default profile: "default"
LOG4J2 2026-01-19 13:13:04 INFO  com.example.salary_structure.SalaryStructureApplication - Started SalaryStructureApplication in 12.792 seconds (process running for 15.678)
LOG4J2 2026-01-19 14:33:50 INFO  com.example.salary_structure.SalaryStructureApplication - Starting SalaryStructureApplication using Java 24 with PID 1892 (C:\Users\DELL\Desktop\EMSPROJECT1.O\EMSPROJECT1.NEW\backend-java\salary_structure\target\classes started by DELL in C:\Users\DELL\Desktop\EMSPROJECT1.O\EMSPROJECT1.NEW\backend-java\salary_structure)
LOG4J2 2026-01-19 14:33:50 DEBUG com.example.salary_structure.SalaryStructureApplication - Running with Spring Boot v3.5.7, Spring v6.2.12
LOG4J2 2026-01-19 14:33:50 INFO  com.example.salary_structure.SalaryStructureApplication - No active profile set, falling back to 1 default profile: "default"
LOG4J2 2026-01-19 14:34:00 INFO  com.example.salary_structure.SalaryStructureApplication - Started SalaryStructureApplication in 11.431 seconds (process running for 14.598)
LOG4J2 2026-01-19 14:34:19 INFO  com.example.salary_structure.SalaryStructureApplication - Starting SalaryStructureApplication using Java 24 with PID 18832 (C:\Users\DELL\Desktop\EMSPROJECT1.O\EMSPROJECT1.NEW\backend-java\salary_structure\target\classes started by DELL in C:\Users\DELL\Desktop\EMSPROJECT1.O\EMSPROJECT1.NEW\backend-java\salary_structure)
LOG4J2 2026-01-19 14:34:20 DEBUG com.example.salary_structure.SalaryStructureApplication - Running with Spring Boot v3.5.7, Spring v6.2.12
LOG4J2 2026-01-19 14:34:20 INFO  com.example.salary_structure.SalaryStructureApplication - No active profile set, falling back to 1 default profile: "default"
LOG4J2 2026-01-19 14:34:29 INFO  com.example.salary_structure.SalaryStructureApplication - Started SalaryStructureApplication in 10.374 seconds (process running for 13.018)
LOG4J2 2026-01-19 14:36:07 INFO  com.example.salary_structure.SalaryStructureApplication - Starting SalaryStructureApplication using Java 24 with PID 9068 (C:\Users\DELL\Desktop\EMSPROJECT1.O\EMSPROJECT1.NEW\backend-java\salary_structure\target\classes started by DELL in C:\Users\DELL\Desktop\EMSPROJECT1.O\EMSPROJECT1.NEW\backend-java\salary_structure)
LOG4J2 2026-01-19 14:36:07 DEBUG com.example.salary_structure.SalaryStructureApplication - Running with Spring Boot v3.5.7, Spring v6.2.12
LOG4J2 2026-01-19 14:36:07 INFO  com.example.salary_structure.SalaryStructureApplication - No active profile set, falling back to 1 default profile: "default"
LOG4J2 2026-01-19 14:36:17 INFO  com.example.salary_structure.SalaryStructureApplication - Started SalaryStructureApplication in 10.671 seconds (process running for 13.318)
LOG4J2 2026-01-19 15:13:01 INFO  com.example.salary_structure.Controller.SalaryStructureController - Fetching last salary for employeeId=79813636-6baf-42d6-bcf5-3caa14c0a6bf
LOG4J2 2026-01-19 15:13:01 INFO  com.example.salary_structure.Services.SalaryStructureService - Fetching last salary for employeeId=79813636-6baf-42d6-bcf5-3caa14c0a6bf
LOG4J2 2026-01-19 15:13:02 INFO  com.example.salary_structure.Controller.SalaryStructureController - Fetching last salary for employeeId=79813636-6baf-42d6-bcf5-3caa14c0a6bf
LOG4J2 2026-01-19 15:13:02 INFO  com.example.salary_structure.Services.SalaryStructureService - Fetching last salary for employeeId=79813636-6baf-42d6-bcf5-3caa14c0a6bf
LOG4J2 2026-01-19 15:13:54 INFO  com.example.salary_structure.Controller.SalaryStructureController - Fetching last salary for employeeId=8aad35a9-13a6-4a0a-8bc4-6cecc87847f2
LOG4J2 2026-01-19 15:13:54 INFO  com.example.salary_structure.Services.SalaryStructureService - Fetching last salary for employeeId=8aad35a9-13a6-4a0a-8bc4-6cecc87847f2
LOG4J2 2026-01-19 15:13:54 INFO  com.example.salary_structure.Controller.SalaryStructureController - Fetching last salary for employeeId=8aad35a9-13a6-4a0a-8bc4-6cecc87847f2
LOG4J2 2026-01-19 15:13:54 INFO  com.example.salary_structure.Services.SalaryStructureService - Fetching last salary for employeeId=8aad35a9-13a6-4a0a-8bc4-6cecc87847f2
LOG4J2 2026-01-19 15:17:21 INFO  com.example.salary_structure.Controller.SalaryStructureController - Creating salary structure for employeeId=8aad35a9-13a6-4a0a-8bc4-6cecc87847f2
LOG4J2 2026-01-19 15:17:21 INFO  com.example.salary_structure.Services.SalaryStructureService - Creating salary structure for employeeId=8aad35a9-13a6-4a0a-8bc4-6cecc87847f2
LOG4J2 2026-01-19 15:17:34 INFO  com.example.salary_structure.Controller.SalaryStructureController - Creating salary structure for employeeId=8aad35a9-13a6-4a0a-8bc4-6cecc87847f2
LOG4J2 2026-01-19 15:17:34 INFO  com.example.salary_structure.Services.SalaryStructureService - Creating salary structure for employeeId=8aad35a9-13a6-4a0a-8bc4-6cecc87847f2
LOG4J2 2026-01-19 15:29:56 INFO  com.example.salary_structure.SalaryStructureApplication - Starting SalaryStructureApplication using Java 24 with PID 19004 (C:\Users\DELL\Desktop\EMSPROJECT1.O\EMSPROJECT1.NEW\backend-java\salary_structure\target\classes started by DELL in C:\Users\DELL\Desktop\EMSPROJECT1.O\EMSPROJECT1.NEW\backend-java\salary_structure)
LOG4J2 2026-01-19 15:29:56 DEBUG com.example.salary_structure.SalaryStructureApplication - Running with Spring Boot v3.5.7, Spring v6.2.12
LOG4J2 2026-01-19 15:29:56 INFO  com.example.salary_structure.SalaryStructureApplication - No active profile set, falling back to 1 default profile: "default"
LOG4J2 2026-01-19 15:30:06 INFO  com.example.salary_structure.SalaryStructureApplication - Started SalaryStructureApplication in 10.52 seconds (process running for 13.388)
LOG4J2 2026-01-19 15:30:15 INFO  com.example.salary_structure.Controller.SalaryStructureController - Creating salary structure for employeeId=8aad35a9-13a6-4a0a-8bc4-6cecc87847f2
LOG4J2 2026-01-19 15:30:15 INFO  com.example.salary_structure.Services.SalaryStructureService - Creating salary structure for employeeId=8aad35a9-13a6-4a0a-8bc4-6cecc87847f2
LOG4J2 2026-01-19 15:30:53 INFO  com.example.salary_structure.Controller.SalaryStructureController - Fetching last salary for employeeId=8aad35a9-13a6-4a0a-8bc4-6cecc87847f2
LOG4J2 2026-01-19 15:30:53 INFO  com.example.salary_structure.Services.SalaryStructureService - Fetching last salary for employeeId=8aad35a9-13a6-4a0a-8bc4-6cecc87847f2
LOG4J2 2026-01-19 15:30:53 INFO  com.example.salary_structure.Controller.SalaryStructureController - Fetching last salary for employeeId=8aad35a9-13a6-4a0a-8bc4-6cecc87847f2
LOG4J2 2026-01-19 15:30:53 INFO  com.example.salary_structure.Services.SalaryStructureService - Fetching last salary for employeeId=8aad35a9-13a6-4a0a-8bc4-6cecc87847f2
LOG4J2 2026-01-19 15:34:07 INFO  com.example.salary_structure.Controller.SalaryStructureController - Creating salary structure for employeeId=8aad35a9-13a6-4a0a-8bc4-6cecc87847f2
LOG4J2 2026-01-19 15:34:07 INFO  com.example.salary_structure.Services.SalaryStructureService - Creating salary structure for employeeId=8aad35a9-13a6-4a0a-8bc4-6cecc87847f2
LOG4J2 2026-01-19 15:41:54 INFO  com.example.salary_structure.SalaryStructureApplication - Starting SalaryStructureApplication using Java 24 with PID 21292 (C:\Users\DELL\Desktop\EMSPROJECT1.O\EMSPROJECT1.NEW\backend-java\salary_structure\target\classes started by DELL in C:\Users\DELL\Desktop\EMSPROJECT1.O\EMSPROJECT1.NEW\backend-java\salary_structure)
LOG4J2 2026-01-19 15:41:54 DEBUG com.example.salary_structure.SalaryStructureApplication - Running with Spring Boot v3.5.7, Spring v6.2.12
LOG4J2 2026-01-19 15:41:54 INFO  com.example.salary_structure.SalaryStructureApplication - No active profile set, falling back to 1 default profile: "default"
LOG4J2 2026-01-19 15:42:05 INFO  com.example.salary_structure.SalaryStructureApplication - Started SalaryStructureApplication in 11.654 seconds (process running for 14.316)
LOG4J2 2026-01-19 15:42:24 INFO  com.example.salary_structure.Controller.SalaryStructureController - Creating salary structure for employeeId=8aad35a9-13a6-4a0a-8bc4-6cecc87847f2
LOG4J2 2026-01-19 15:42:24 INFO  com.example.salary_structure.Services.SalaryStructureService - Creating salary structure for employeeId=8aad35a9-13a6-4a0a-8bc4-6cecc87847f2
LOG4J2 2026-01-19 15:50:09 INFO  com.example.salary_structure.SalaryStructureApplication - Starting SalaryStructureApplication using Java 24 with PID 19308 (C:\Users\DELL\Desktop\EMSPROJECT1.O\EMSPROJECT1.NEW\backend-java\salary_structure\target\classes started by DELL in C:\Users\DELL\Desktop\EMSPROJECT1.O\EMSPROJECT1.NEW\backend-java\salary_structure)
LOG4J2 2026-01-19 15:50:09 DEBUG com.example.salary_structure.SalaryStructureApplication - Running with Spring Boot v3.5.7, Spring v6.2.12
LOG4J2 2026-01-19 15:50:09 INFO  com.example.salary_structure.SalaryStructureApplication - No active profile set, falling back to 1 default profile: "default"
LOG4J2 2026-01-19 15:50:18 INFO  com.example.salary_structure.SalaryStructureApplication - Started SalaryStructureApplication in 10.303 seconds (process running for 13.489)
LOG4J2 2026-01-19 16:14:14 INFO  com.example.salary_structure.SalaryStructureApplication - Starting SalaryStructureApplication using Java 24 with PID 13480 (C:\Users\DELL\Desktop\EMSPROJECT1.O\EMSPROJECT1.NEW\backend-java\salary_structure\target\classes started by DELL in C:\Users\DELL\Desktop\EMSPROJECT1.O\EMSPROJECT1.NEW\backend-java\salary_structure)
LOG4J2 2026-01-19 16:14:14 DEBUG com.example.salary_structure.SalaryStructureApplication - Running with Spring Boot v3.5.7, Spring v6.2.12
LOG4J2 2026-01-19 16:14:14 INFO  com.example.salary_structure.SalaryStructureApplication - No active profile set, falling back to 1 default profile: "default"
LOG4J2 2026-01-19 16:14:25 INFO  com.example.salary_structure.SalaryStructureApplication - Started SalaryStructureApplication in 11.683 seconds (process running for 14.611)
LOG4J2 2026-01-19 16:15:25 INFO  com.example.salary_structure.SalaryStructureApplication - Starting SalaryStructureApplication using Java 24 with PID 11740 (C:\Users\DELL\Desktop\EMSPROJECT1.O\EMSPROJECT1.NEW\backend-java\salary_structure\target\classes started by DELL in C:\Users\DELL\Desktop\EMSPROJECT1.O\EMSPROJECT1.NEW\backend-java\salary_structure)
LOG4J2 2026-01-19 16:15:25 DEBUG com.example.salary_structure.SalaryStructureApplication - Running with Spring Boot v3.5.7, Spring v6.2.12
LOG4J2 2026-01-19 16:15:25 INFO  com.example.salary_structure.SalaryStructureApplication - No active profile set, falling back to 1 default profile: "default"
LOG4J2 2026-01-19 16:15:36 INFO  com.example.salary_structure.SalaryStructureApplication - Started SalaryStructureApplication in 12.516 seconds (process running for 15.372)
LOG4J2 2026-01-19 16:19:12 INFO  com.example.salary_structure.Controller.SalaryStructureController - Creating salary structure for employeeId=8aad35a9-13a6-4a0a-8bc4-6cecc87847f2
LOG4J2 2026-01-19 16:19:12 INFO  com.example.salary_structure.Services.SalaryStructureService - Creating salary structure for employeeId=8aad35a9-13a6-4a0a-8bc4-6cecc87847f2
LOG4J2 2026-01-19 17:05:30 INFO  com.example.salary_structure.SalaryStructureApplication - Starting SalaryStructureApplication using Java 24 with PID 1716 (C:\Users\DELL\Desktop\EMSPROJECT1.O\EMSPROJECT1.NEW\backend-java\salary_structure\target\classes started by DELL in C:\Users\DELL\Desktop\EMSPROJECT1.O\EMSPROJECT1.NEW\backend-java\salary_structure)
LOG4J2 2026-01-19 17:05:30 DEBUG com.example.salary_structure.SalaryStructureApplication - Running with Spring Boot v3.5.7, Spring v6.2.12
LOG4J2 2026-01-19 17:05:30 INFO  com.example.salary_structure.SalaryStructureApplication - No active profile set, falling back to 1 default profile: "default"
LOG4J2 2026-01-19 17:05:39 INFO  com.example.salary_structure.SalaryStructureApplication - Started SalaryStructureApplication in 10.148 seconds (process running for 13.443)
LOG4J2 2026-01-19 17:06:03 INFO  com.example.salary_structure.Controller.SalaryStructureController - Creating salary structure for employeeId=8aad35a9-13a6-4a0a-8bc4-6cecc87847f2
LOG4J2 2026-01-19 17:06:03 INFO  com.example.salary_structure.Services.SalaryStructureService - Creating salary structure for employeeId=8aad35a9-13a6-4a0a-8bc4-6cecc87847f2
LOG4J2 2026-01-19 17:06:14 INFO  com.example.salary_structure.Controller.SalaryStructureController - Fetching last salary for employeeId=8aad35a9-13a6-4a0a-8bc4-6cecc87847f2
LOG4J2 2026-01-19 17:06:14 INFO  com.example.salary_structure.Services.SalaryStructureService - Fetching last salary for employeeId=8aad35a9-13a6-4a0a-8bc4-6cecc87847f2
LOG4J2 2026-01-19 17:06:15 INFO  com.example.salary_structure.Controller.SalaryStructureController - Fetching last salary for employeeId=8aad35a9-13a6-4a0a-8bc4-6cecc87847f2
LOG4J2 2026-01-19 17:06:15 INFO  com.example.salary_structure.Services.SalaryStructureService - Fetching last salary for employeeId=8aad35a9-13a6-4a0a-8bc4-6cecc87847f2
LOG4J2 2026-01-19 17:09:59 INFO  com.example.salary_structure.Controller.SalaryStructureController - Creating salary structure for employeeId=8aad35a9-13a6-4a0a-8bc4-6cecc87847f2
LOG4J2 2026-01-19 17:09:59 INFO  com.example.salary_structure.Services.SalaryStructureService - Creating salary structure for employeeId=8aad35a9-13a6-4a0a-8bc4-6cecc87847f2
LOG4J2 2026-01-19 18:51:11 INFO  com.example.salary_structure.SalaryStructureApplication - Starting SalaryStructureApplication using Java 24 with PID 14400 (C:\Users\DELL\Desktop\EMSPROJECT1.O\EMSPROJECT1.NEW\backend-java\salary_structure\target\classes started by DELL in C:\Users\DELL\Desktop\EMSPROJECT1.O\EMSPROJECT1.NEW\backend-java\salary_structure)
LOG4J2 2026-01-19 18:51:12 DEBUG com.example.salary_structure.SalaryStructureApplication - Running with Spring Boot v3.5.7, Spring v6.2.12
LOG4J2 2026-01-19 18:51:12 INFO  com.example.salary_structure.SalaryStructureApplication - No active profile set, falling back to 1 default profile: "default"
LOG4J2 2026-01-19 18:51:29 INFO  com.example.salary_structure.SalaryStructureApplication - Started SalaryStructureApplication in 19.314 seconds (process running for 23.374)
LOG4J2 2026-01-19 19:02:52 INFO  com.example.salary_structure.Controller.SalaryStructureController - Fetching last salary for employeeId=8aad35a9-13a6-4a0a-8bc4-6cecc87847f2
LOG4J2 2026-01-19 19:02:52 INFO  com.example.salary_structure.Services.SalaryStructureService - Fetching last salary for employeeId=8aad35a9-13a6-4a0a-8bc4-6cecc87847f2
LOG4J2 2026-01-19 19:02:52 INFO  com.example.salary_structure.Controller.SalaryStructureController - Fetching last salary for employeeId=8aad35a9-13a6-4a0a-8bc4-6cecc87847f2
LOG4J2 2026-01-19 19:02:52 INFO  com.example.salary_structure.Services.SalaryStructureService - Fetching last salary for employeeId=8aad35a9-13a6-4a0a-8bc4-6cecc87847f2
LOG4J2 2026-01-20 09:59:25 INFO  com.example.salary_structure.Controller.SalaryStructureController - Fetching last salary for employeeId=8aad35a9-13a6-4a0a-8bc4-6cecc87847f2
LOG4J2 2026-01-20 09:59:25 INFO  com.example.salary_structure.Services.SalaryStructureService - Fetching last salary for employeeId=8aad35a9-13a6-4a0a-8bc4-6cecc87847f2
LOG4J2 2026-01-20 09:59:25 INFO  com.example.salary_structure.Controller.SalaryStructureController - Fetching last salary for employeeId=8aad35a9-13a6-4a0a-8bc4-6cecc87847f2
LOG4J2 2026-01-20 09:59:25 INFO  com.example.salary_structure.Services.SalaryStructureService - Fetching last salary for employeeId=8aad35a9-13a6-4a0a-8bc4-6cecc87847f2
LOG4J2 2026-01-20 10:04:34 INFO  com.example.salary_structure.Controller.SalaryStructureController - Fetching last salary for employeeId=8aad35a9-13a6-4a0a-8bc4-6cecc87847f2
LOG4J2 2026-01-20 10:04:34 INFO  com.example.salary_structure.Services.SalaryStructureService - Fetching last salary for employeeId=8aad35a9-13a6-4a0a-8bc4-6cecc87847f2
LOG4J2 2026-01-20 10:04:35 INFO  com.example.salary_structure.Controller.SalaryStructureController - Fetching last salary for employeeId=8aad35a9-13a6-4a0a-8bc4-6cecc87847f2
LOG4J2 2026-01-20 10:04:35 INFO  com.example.salary_structure.Services.SalaryStructureService - Fetching last salary for employeeId=8aad35a9-13a6-4a0a-8bc4-6cecc87847f2
LOG4J2 2026-01-27 10:50:27 INFO  com.example.salary_structure.SalaryStructureApplication - Starting SalaryStructureApplication using Java 21.0.8 with PID 22100 (D:\Niharika\ems1.o\EMSPROJECT1.O\backend-java\salary_structure\target\classes started by nagab in D:\Niharika\ems1.o\EMSPROJECT1.O\backend-java\salary_structure)
LOG4J2 2026-01-27 10:50:27 DEBUG com.example.salary_structure.SalaryStructureApplication - Running with Spring Boot v3.5.7, Spring v6.2.12
LOG4J2 2026-01-27 10:50:27 INFO  com.example.salary_structure.SalaryStructureApplication - No active profile set, falling back to 1 default profile: "default"
LOG4J2 2026-01-23 15:33:05 INFO  com.example.salary_structure.SalaryStructureApplication - Starting SalaryStructureApplication using Java 21.0.8 with PID 4748 (C:\Users\Admin\EMSNEW\EMSProject\backend-java\salary_structure\target\classes started by Admin in C:\Users\Admin\EMSNEW\EMSProject\backend-java\salary_structure)
LOG4J2 2026-01-23 15:33:05 DEBUG com.example.salary_structure.SalaryStructureApplication - Running with Spring Boot v3.5.7, Spring v6.2.12
LOG4J2 2026-01-23 15:33:05 INFO  com.example.salary_structure.SalaryStructureApplication - No active profile set, falling back to 1 default profile: "default"
LOG4J2 2026-01-23 15:33:10 INFO  com.example.salary_structure.SalaryStructureApplication - Started SalaryStructureApplication in 5.775 seconds (process running for 6.771)
LOG4J2 2026-01-27 11:03:23 INFO  com.example.salary_structure.SalaryStructureApplication - Starting SalaryStructureApplication using Java 21.0.8 with PID 12192 (C:\Users\Admin\EMSNEW\EMSProject\backend-java\salary_structure\target\classes started by Admin in C:\Users\Admin\EMSNEW\EMSProject\backend-java\salary_structure)
LOG4J2 2026-01-27 11:03:23 DEBUG com.example.salary_structure.SalaryStructureApplication - Running with Spring Boot v3.5.7, Spring v6.2.12
LOG4J2 2026-01-27 11:03:23 INFO  com.example.salary_structure.SalaryStructureApplication - No active profile set, falling back to 1 default profile: "default"
LOG4J2 2026-01-27 11:03:30 INFO  com.example.salary_structure.SalaryStructureApplication - Started SalaryStructureApplication in 7.337 seconds (process running for 8.726)
LOG4J2 2026-01-27 13:17:35 INFO  com.example.salary_structure.SalaryStructureApplication - Starting SalaryStructureApplication using Java 21.0.8 with PID 21264 (D:\Niharika\ems1.o\EMSPROJECT1.O\backend-java\salary_structure\target\classes started by nagab in D:\Niharika\ems1.o\EMSPROJECT1.O\backend-java\salary_structure)
LOG4J2 2026-01-27 13:17:35 DEBUG com.example.salary_structure.SalaryStructureApplication - Running with Spring Boot v3.5.7, Spring v6.2.12
LOG4J2 2026-01-27 13:17:35 INFO  com.example.salary_structure.SalaryStructureApplication - No active profile set, falling back to 1 default profile: "default"
LOG4J2 2026-01-27 13:18:46 INFO  com.example.salary_structure.SalaryStructureApplication - Starting SalaryStructureApplication using Java 21.0.8 with PID 5056 (D:\Niharika\ems1.o\EMSPROJECT1.O\backend-java\salary_structure\target\classes started by nagab in D:\Niharika\ems1.o\EMSPROJECT1.O\backend-java\salary_structure)
LOG4J2 2026-01-27 13:18:46 DEBUG com.example.salary_structure.SalaryStructureApplication - Running with Spring Boot v3.5.7, Spring v6.2.12
LOG4J2 2026-01-27 13:18:46 INFO  com.example.salary_structure.SalaryStructureApplication - No active profile set, falling back to 1 default profile: "default"
LOG4J2 2026-01-27 13:18:52 INFO  com.example.salary_structure.SalaryStructureApplication - Started SalaryStructureApplication in 7.029 seconds (process running for 8.797)
LOG4J2 2026-01-27 14:48:38 INFO  com.example.salary_structure.Controller.SalaryStructureController - Fetching last salary for employeeId=b3af8f32-7a76-42d9-bd3c-b692c2dc6c8c
LOG4J2 2026-01-27 14:48:38 INFO  com.example.salary_structure.Controller.SalaryStructureController - Fetching last salary for employeeId=b3af8f32-7a76-42d9-bd3c-b692c2dc6c8c
LOG4J2 2026-01-27 14:48:38 INFO  com.example.salary_structure.Services.SalaryStructureService - Fetching last salary for employeeId=b3af8f32-7a76-42d9-bd3c-b692c2dc6c8c
LOG4J2 2026-01-27 14:48:38 INFO  com.example.salary_structure.Services.SalaryStructureService - Fetching last salary for employeeId=b3af8f32-7a76-42d9-bd3c-b692c2dc6c8c
LOG4J2 2026-01-27 14:50:08 INFO  com.example.salary_structure.Controller.SalaryStructureController - Creating salary structure for employeeId=b3af8f32-7a76-42d9-bd3c-b692c2dc6c8c
LOG4J2 2026-01-27 14:50:08 INFO  com.example.salary_structure.Services.SalaryStructureService - Creating salary structure for employeeId=b3af8f32-7a76-42d9-bd3c-b692c2dc6c8c
LOG4J2 2026-01-27 14:50:12 INFO  com.example.salary_structure.Controller.SalaryStructureController - Creating salary structure for employeeId=b3af8f32-7a76-42d9-bd3c-b692c2dc6c8c
LOG4J2 2026-01-27 14:50:12 INFO  com.example.salary_structure.Services.SalaryStructureService - Creating salary structure for employeeId=b3af8f32-7a76-42d9-bd3c-b692c2dc6c8c
LOG4J2 2026-01-27 15:00:25 INFO  com.example.salary_structure.Controller.SalaryStructureController - Creating salary structure for employeeId=b3af8f32-7a76-42d9-bd3c-b692c2dc6c8c
LOG4J2 2026-01-27 15:00:25 INFO  com.example.salary_structure.Services.SalaryStructureService - Creating salary structure for employeeId=b3af8f32-7a76-42d9-bd3c-b692c2dc6c8c
LOG4J2 2026-01-27 15:00:33 INFO  com.example.salary_structure.Controller.SalaryStructureController - Fetching last salary for employeeId=b3af8f32-7a76-42d9-bd3c-b692c2dc6c8c
LOG4J2 2026-01-27 15:00:33 INFO  com.example.salary_structure.Services.SalaryStructureService - Fetching last salary for employeeId=b3af8f32-7a76-42d9-bd3c-b692c2dc6c8c
LOG4J2 2026-01-27 15:00:33 INFO  com.example.salary_structure.Controller.SalaryStructureController - Fetching last salary for employeeId=b3af8f32-7a76-42d9-bd3c-b692c2dc6c8c
LOG4J2 2026-01-27 15:00:33 INFO  com.example.salary_structure.Services.SalaryStructureService - Fetching last salary for employeeId=b3af8f32-7a76-42d9-bd3c-b692c2dc6c8c
LOG4J2 2026-01-27 15:21:40 INFO  com.example.salary_structure.SalaryStructureApplication - Starting SalaryStructureApplication using Java 21.0.8 with PID 26504 (D:\Niharika\ems1.o\EMSPROJECT1.O\backend-java\salary_structure\target\classes started by nagab in D:\Niharika\ems1.o\EMSPROJECT1.O\backend-java\salary_structure)
LOG4J2 2026-01-27 15:21:40 DEBUG com.example.salary_structure.SalaryStructureApplication - Running with Spring Boot v3.5.7, Spring v6.2.12
LOG4J2 2026-01-27 15:21:40 INFO  com.example.salary_structure.SalaryStructureApplication - No active profile set, falling back to 1 default profile: "default"
LOG4J2 2026-01-27 15:21:46 INFO  com.example.salary_structure.SalaryStructureApplication - Started SalaryStructureApplication in 7.232 seconds (process running for 9.122)
LOG4J2 2026-01-27 15:23:35 INFO  com.example.salary_structure.Controller.SalaryStructureController - Fetching last salary for employeeId=68484508-7658-466f-bf1b-bbdd7db6faf0
LOG4J2 2026-01-27 15:23:35 INFO  com.example.salary_structure.Controller.SalaryStructureController - Fetching last salary for employeeId=68484508-7658-466f-bf1b-bbdd7db6faf0
LOG4J2 2026-01-27 15:23:35 INFO  com.example.salary_structure.Services.SalaryStructureService - Fetching last salary for employeeId=68484508-7658-466f-bf1b-bbdd7db6faf0
LOG4J2 2026-01-27 15:23:35 INFO  com.example.salary_structure.Services.SalaryStructureService - Fetching last salary for employeeId=68484508-7658-466f-bf1b-bbdd7db6faf0
LOG4J2 2026-01-27 15:24:50 INFO  com.example.salary_structure.Controller.SalaryStructureController - Creating salary structure for employeeId=68484508-7658-466f-bf1b-bbdd7db6faf0
LOG4J2 2026-01-27 15:24:50 INFO  com.example.salary_structure.Services.SalaryStructureService - Creating salary structure for employeeId=68484508-7658-466f-bf1b-bbdd7db6faf0
LOG4J2 2026-01-27 15:25:17 INFO  com.example.salary_structure.Controller.SalaryStructureController - Creating salary structure for employeeId=68484508-7658-466f-bf1b-bbdd7db6faf0
LOG4J2 2026-01-27 15:25:17 INFO  com.example.salary_structure.Services.SalaryStructureService - Creating salary structure for employeeId=68484508-7658-466f-bf1b-bbdd7db6faf0
LOG4J2 2026-01-27 15:25:46 INFO  com.example.salary_structure.Controller.SalaryStructureController - Creating salary structure for employeeId=68484508-7658-466f-bf1b-bbdd7db6faf0
LOG4J2 2026-01-27 15:25:46 INFO  com.example.salary_structure.Services.SalaryStructureService - Creating salary structure for employeeId=68484508-7658-466f-bf1b-bbdd7db6faf0
LOG4J2 2026-01-27 15:28:12 INFO  com.example.salary_structure.SalaryStructureApplication - Starting SalaryStructureApplication using Java 21.0.8 with PID 29728 (D:\Niharika\ems1.o\EMSPROJECT1.O\backend-java\salary_structure\target\classes started by nagab in D:\Niharika\ems1.o\EMSPROJECT1.O\backend-java\salary_structure)
LOG4J2 2026-01-27 15:28:12 DEBUG com.example.salary_structure.SalaryStructureApplication - Running with Spring Boot v3.5.7, Spring v6.2.12
LOG4J2 2026-01-27 15:28:12 INFO  com.example.salary_structure.SalaryStructureApplication - No active profile set, falling back to 1 default profile: "default"
LOG4J2 2026-01-27 15:28:18 INFO  com.example.salary_structure.SalaryStructureApplication - Started SalaryStructureApplication in 7.073 seconds (process running for 9.111)
LOG4J2 2026-01-27 15:28:30 INFO  com.example.salary_structure.Controller.SalaryStructureController - Creating salary structure for employeeId=68484508-7658-466f-bf1b-bbdd7db6faf0
LOG4J2 2026-01-27 15:28:30 INFO  com.example.salary_structure.Services.SalaryStructureService - Creating salary structure for employeeId=68484508-7658-466f-bf1b-bbdd7db6faf0
LOG4J2 2026-01-27 16:03:51 INFO  com.example.salary_structure.SalaryStructureApplication - Starting SalaryStructureApplication using Java 21.0.8 with PID 20876 (D:\Niharika\ems1.o\EMSPROJECT1.O\backend-java\salary_structure\target\classes started by nagab in D:\Niharika\ems1.o\EMSPROJECT1.O\backend-java\salary_structure)
LOG4J2 2026-01-27 16:03:51 DEBUG com.example.salary_structure.SalaryStructureApplication - Running with Spring Boot v3.5.7, Spring v6.2.12
LOG4J2 2026-01-27 16:03:51 INFO  com.example.salary_structure.SalaryStructureApplication - No active profile set, falling back to 1 default profile: "default"
LOG4J2 2026-01-27 16:03:56 INFO  com.example.salary_structure.SalaryStructureApplication - Started SalaryStructureApplication in 6.092 seconds (process running for 8.069)
LOG4J2 2026-01-27 16:04:56 INFO  com.example.salary_structure.SalaryStructureApplication - Starting SalaryStructureApplication using Java 21.0.8 with PID 20172 (D:\Niharika\ems1.o\EMSPROJECT1.O\backend-java\salary_structure\target\classes started by nagab in D:\Niharika\ems1.o\EMSPROJECT1.O\backend-java\salary_structure)
LOG4J2 2026-01-27 16:04:56 DEBUG com.example.salary_structure.SalaryStructureApplication - Running with Spring Boot v3.5.7, Spring v6.2.12
LOG4J2 2026-01-27 16:04:56 INFO  com.example.salary_structure.SalaryStructureApplication - No active profile set, falling back to 1 default profile: "default"
LOG4J2 2026-01-27 16:05:01 INFO  com.example.salary_structure.SalaryStructureApplication - Started SalaryStructureApplication in 5.935 seconds (process running for 7.667)
LOG4J2 2026-01-27 16:05:30 INFO  com.example.salary_structure.Controller.SalaryStructureController - Fetching last salary for employeeId=68484508-7658-466f-bf1b-bbdd7db6faf0
LOG4J2 2026-01-27 16:05:30 INFO  com.example.salary_structure.Controller.SalaryStructureController - Fetching last salary for employeeId=68484508-7658-466f-bf1b-bbdd7db6faf0
LOG4J2 2026-01-27 16:05:30 INFO  com.example.salary_structure.Services.SalaryStructureService - Fetching last salary for employeeId=68484508-7658-466f-bf1b-bbdd7db6faf0
LOG4J2 2026-01-27 16:05:30 INFO  com.example.salary_structure.Services.SalaryStructureService - Fetching last salary for employeeId=68484508-7658-466f-bf1b-bbdd7db6faf0
LOG4J2 2026-01-27 16:06:48 INFO  com.example.salary_structure.Controller.SalaryStructureController - Creating salary structure for employeeId=68484508-7658-466f-bf1b-bbdd7db6faf0
LOG4J2 2026-01-27 16:06:48 INFO  com.example.salary_structure.Services.SalaryStructureService - Creating salary structure for employeeId=68484508-7658-466f-bf1b-bbdd7db6faf0
LOG4J2 2026-01-27 16:09:47 INFO  com.example.salary_structure.SalaryStructureApplication - Starting SalaryStructureApplication using Java 21.0.8 with PID 22480 (D:\Niharika\ems1.o\EMSPROJECT1.O\backend-java\salary_structure\target\classes started by nagab in D:\Niharika\ems1.o\EMSPROJECT1.O\backend-java\salary_structure)
LOG4J2 2026-01-27 16:09:47 DEBUG com.example.salary_structure.SalaryStructureApplication - Running with Spring Boot v3.5.7, Spring v6.2.12
LOG4J2 2026-01-27 16:09:47 INFO  com.example.salary_structure.SalaryStructureApplication - No active profile set, falling back to 1 default profile: "default"
LOG4J2 2026-01-27 16:09:53 INFO  com.example.salary_structure.SalaryStructureApplication - Started SalaryStructureApplication in 6.181 seconds (process running for 7.853)
LOG4J2 2026-01-27 16:10:28 INFO  com.example.salary_structure.Controller.SalaryStructureController - Fetching last salary for employeeId=68484508-7658-466f-bf1b-bbdd7db6faf0
LOG4J2 2026-01-27 16:10:28 INFO  com.example.salary_structure.Services.SalaryStructureService - Fetching last salary for employeeId=68484508-7658-466f-bf1b-bbdd7db6faf0
LOG4J2 2026-01-27 16:10:28 INFO  com.example.salary_structure.Controller.SalaryStructureController - Fetching last salary for employeeId=68484508-7658-466f-bf1b-bbdd7db6faf0
LOG4J2 2026-01-27 16:10:28 INFO  com.example.salary_structure.Services.SalaryStructureService - Fetching last salary for employeeId=68484508-7658-466f-bf1b-bbdd7db6faf0
LOG4J2 2026-01-27 16:11:46 INFO  com.example.salary_structure.Controller.SalaryStructureController - Creating salary structure for employeeId=68484508-7658-466f-bf1b-bbdd7db6faf0
LOG4J2 2026-01-27 16:11:46 INFO  com.example.salary_structure.Services.SalaryStructureService - Creating salary structure for employeeId=68484508-7658-466f-bf1b-bbdd7db6faf0
LOG4J2 2026-01-27 13:23:52 INFO  com.example.salary_structure.SalaryStructureApplication - Starting SalaryStructureApplication using Java 21.0.8 with PID 13484 (C:\Users\Admin\EMSNEW\EMSProject\backend-java\salary_structure\target\classes started by Admin in C:\Users\Admin\EMSNEW\EMSProject\backend-java\salary_structure)
LOG4J2 2026-01-27 13:23:52 DEBUG com.example.salary_structure.SalaryStructureApplication - Running with Spring Boot v3.5.7, Spring v6.2.12
LOG4J2 2026-01-27 13:23:52 INFO  com.example.salary_structure.SalaryStructureApplication - No active profile set, falling back to 1 default profile: "default"
LOG4J2 2026-01-27 14:52:42 INFO  com.example.salary_structure.SalaryStructureApplication - Starting SalaryStructureApplication using Java 21.0.8 with PID 3172 (C:\Users\Admin\EMSNEW\EMSProject\backend-java\salary_structure\target\classes started by Admin in C:\Users\Admin\EMSNEW\EMSProject\backend-java\salary_structure)
LOG4J2 2026-01-27 14:52:42 DEBUG com.example.salary_structure.SalaryStructureApplication - Running with Spring Boot v3.5.7, Spring v6.2.12
LOG4J2 2026-01-27 14:52:42 INFO  com.example.salary_structure.SalaryStructureApplication - No active profile set, falling back to 1 default profile: "default"
LOG4J2 2026-01-27 14:53:44 INFO  com.example.salary_structure.SalaryStructureApplication - Started SalaryStructureApplication in 62.711 seconds (process running for 63.936)
LOG4J2 2026-01-27 15:23:50 INFO  com.example.salary_structure.SalaryStructureApplication - Starting SalaryStructureApplication using Java 21.0.8 with PID 19896 (C:\Users\Admin\EMSNEW\EMSProject\backend-java\salary_structure\target\classes started by Admin in C:\Users\Admin\EMSNEW\EMSProject\backend-java\salary_structure)
LOG4J2 2026-01-27 15:23:50 DEBUG com.example.salary_structure.SalaryStructureApplication - Running with Spring Boot v3.5.7, Spring v6.2.12
LOG4J2 2026-01-27 15:23:50 INFO  com.example.salary_structure.SalaryStructureApplication - No active profile set, falling back to 1 default profile: "default"
LOG4J2 2026-01-27 16:01:43 INFO  com.example.salary_structure.SalaryStructureApplication - Starting SalaryStructureApplication using Java 21.0.8 with PID 10564 (C:\Users\Admin\EMSNEW\EMSProject\backend-java\salary_structure\target\classes started by Admin in C:\Users\Admin\EMSNEW\EMSProject\backend-java\salary_structure)
LOG4J2 2026-01-27 16:01:43 DEBUG com.example.salary_structure.SalaryStructureApplication - Running with Spring Boot v3.5.7, Spring v6.2.12
LOG4J2 2026-01-27 16:01:43 INFO  com.example.salary_structure.SalaryStructureApplication - No active profile set, falling back to 1 default profile: "default"
LOG4J2 2026-01-27 16:01:50 INFO  com.example.salary_structure.SalaryStructureApplication - Started SalaryStructureApplication in 7.557 seconds (process running for 10.148)
LOG4J2 2026-01-27 16:02:00 INFO  com.example.salary_structure.Controller.SalaryStructureController - Fetching last salary for employeeId=68484508-7658-466f-bf1b-bbdd7db6faf0
LOG4J2 2026-01-27 16:02:00 INFO  com.example.salary_structure.Controller.SalaryStructureController - Fetching last salary for employeeId=68484508-7658-466f-bf1b-bbdd7db6faf0
LOG4J2 2026-01-27 16:02:00 INFO  com.example.salary_structure.Services.SalaryStructureService - Fetching last salary for employeeId=68484508-7658-466f-bf1b-bbdd7db6faf0
LOG4J2 2026-01-27 16:02:00 INFO  com.example.salary_structure.Services.SalaryStructureService - Fetching last salary for employeeId=68484508-7658-466f-bf1b-bbdd7db6faf0
LOG4J2 2026-01-27 16:03:08 INFO  com.example.salary_structure.Controller.SalaryStructureController - Creating salary structure for employeeId=68484508-7658-466f-bf1b-bbdd7db6faf0
LOG4J2 2026-01-27 16:03:08 INFO  com.example.salary_structure.Services.SalaryStructureService - Creating salary structure for employeeId=68484508-7658-466f-bf1b-bbdd7db6faf0
LOG4J2 2026-01-27 16:03:09 INFO  com.example.salary_structure.Services.SalaryStructureService - Salary structure saved successfully for employeeId=68484508-7658-466f-bf1b-bbdd7db6faf0
LOG4J2 2026-01-27 16:30:36 INFO  com.example.salary_structure.SalaryStructureApplication - Starting SalaryStructureApplication using Java 21.0.8 with PID 29840 (D:\Niharika\ems1.o\EMSPROJECT1.O\backend-java\salary_structure\target\classes started by nagab in D:\Niharika\ems1.o\EMSPROJECT1.O\backend-java\salary_structure)
LOG4J2 2026-01-27 16:30:36 DEBUG com.example.salary_structure.SalaryStructureApplication - Running with Spring Boot v3.5.7, Spring v6.2.12
LOG4J2 2026-01-27 16:30:36 INFO  com.example.salary_structure.SalaryStructureApplication - No active profile set, falling back to 1 default profile: "default"
LOG4J2 2026-01-27 16:30:42 INFO  com.example.salary_structure.SalaryStructureApplication - Started SalaryStructureApplication in 6.314 seconds (process running for 7.891)
LOG4J2 2026-01-27 16:33:58 INFO  com.example.salary_structure.Controller.SalaryStructureController - Fetching last salary for employeeId=dacf7130-3f46-4657-80bf-79639aaf215c
LOG4J2 2026-01-27 16:33:58 INFO  com.example.salary_structure.Controller.SalaryStructureController - Fetching last salary for employeeId=dacf7130-3f46-4657-80bf-79639aaf215c
LOG4J2 2026-01-27 16:33:58 INFO  com.example.salary_structure.Services.SalaryStructureService - Fetching last salary for employeeId=dacf7130-3f46-4657-80bf-79639aaf215c
LOG4J2 2026-01-27 16:33:58 INFO  com.example.salary_structure.Services.SalaryStructureService - Fetching last salary for employeeId=dacf7130-3f46-4657-80bf-79639aaf215c
LOG4J2 2026-01-27 16:35:12 INFO  com.example.salary_structure.Controller.SalaryStructureController - Creating salary structure for employeeId=dacf7130-3f46-4657-80bf-79639aaf215c
LOG4J2 2026-01-27 16:35:12 INFO  com.example.salary_structure.Services.SalaryStructureService - Creating salary structure for employeeId=dacf7130-3f46-4657-80bf-79639aaf215c
LOG4J2 2026-01-27 16:36:50 INFO  com.example.salary_structure.SalaryStructureApplication - Starting SalaryStructureApplication using Java 21.0.8 with PID 14800 (D:\Niharika\ems1.o\EMSPROJECT1.O\backend-java\salary_structure\target\classes started by nagab in D:\Niharika\ems1.o\EMSPROJECT1.O\backend-java\salary_structure)
LOG4J2 2026-01-27 16:36:50 DEBUG com.example.salary_structure.SalaryStructureApplication - Running with Spring Boot v3.5.7, Spring v6.2.12
LOG4J2 2026-01-27 16:36:50 INFO  com.example.salary_structure.SalaryStructureApplication - No active profile set, falling back to 1 default profile: "default"
LOG4J2 2026-01-27 16:37:24 INFO  com.example.salary_structure.SalaryStructureApplication - Starting SalaryStructureApplication using Java 21.0.8 with PID 20828 (D:\Niharika\ems1.o\EMSPROJECT1.O\backend-java\salary_structure\target\classes started by nagab in D:\Niharika\ems1.o\EMSPROJECT1.O\backend-java\salary_structure)
LOG4J2 2026-01-27 16:37:24 DEBUG com.example.salary_structure.SalaryStructureApplication - Running with Spring Boot v3.5.7, Spring v6.2.12
LOG4J2 2026-01-27 16:37:24 INFO  com.example.salary_structure.SalaryStructureApplication - No active profile set, falling back to 1 default profile: "default"
LOG4J2 2026-01-27 16:37:28 INFO  com.example.salary_structure.SalaryStructureApplication - Started SalaryStructureApplication in 5.008 seconds (process running for 6.214)
LOG4J2 2026-01-27 16:51:45 INFO  com.example.salary_structure.SalaryStructureApplication - Starting SalaryStructureApplication using Java 21.0.8 with PID 29896 (D:\Niharika\ems1.o\EMSPROJECT1.O\backend-java\salary_structure\target\classes started by nagab in D:\Niharika\ems1.o\EMSPROJECT1.O\backend-java\salary_structure)
LOG4J2 2026-01-27 16:51:45 DEBUG com.example.salary_structure.SalaryStructureApplication - Running with Spring Boot v3.5.7, Spring v6.2.12
LOG4J2 2026-01-27 16:51:45 INFO  com.example.salary_structure.SalaryStructureApplication - No active profile set, falling back to 1 default profile: "default"
LOG4J2 2026-01-27 16:51:53 INFO  com.example.salary_structure.SalaryStructureApplication - Started SalaryStructureApplication in 8.679 seconds (process running for 11.744)
