2026-01-19 12:33:23 INFO  com.example.attendance_service.AttendanceServiceApplication - Starting AttendanceServiceApplication using Java 24 with PID 7784 (C:\Users\DELL\Desktop\EMSPROJECT1.O\EMSPROJECT1.NEW\backend-java\attendance-service\target\classes started by DELL in C:\Users\DELL\Desktop\EMSPROJECT1.O\EMSPROJECT1.NEW\backend-java\attendance-service)
2026-01-19 12:33:23 DEBUG com.example.attendance_service.AttendanceServiceApplication - Running with Spring Boot v3.5.6, Spring v6.2.11
2026-01-19 12:33:23 INFO  com.example.attendance_service.AttendanceServiceApplication - No active profile set, falling back to 1 default profile: "default"
2026-01-19 12:33:38 INFO  com.example.attendance_service.AttendanceServiceApplication - Started AttendanceServiceApplication in 16.03 seconds (process running for 19.476)
2026-01-19 12:33:54 INFO  com.example.attendance_service.AttendanceServiceApplication - Starting AttendanceServiceApplication using Java 24 with PID 17392 (C:\Users\DELL\Desktop\EMSPROJECT1.O\EMSPROJECT1.NEW\backend-java\attendance-service\target\classes started by DELL in C:\Users\DELL\Desktop\EMSPROJECT1.O\EMSPROJECT1.NEW\backend-java\attendance-service)
2026-01-19 12:33:54 DEBUG com.example.attendance_service.AttendanceServiceApplication - Running with Spring Boot v3.5.6, Spring v6.2.11
2026-01-19 12:33:54 INFO  com.example.attendance_service.AttendanceServiceApplication - No active profile set, falling back to 1 default profile: "default"
2026-01-19 12:34:09 INFO  com.example.attendance_service.AttendanceServiceApplication - Started AttendanceServiceApplication in 16.036 seconds (process running for 18.861)
2026-01-19 12:59:55 INFO  com.example.attendance_service.AttendanceServiceApplication - Starting AttendanceServiceApplication using Java 24 with PID 21876 (C:\Users\DELL\Desktop\EMSPROJECT1.O\EMSPROJECT1.NEW\backend-java\attendance-service\target\classes started by DELL in C:\Users\DELL\Desktop\EMSPROJECT1.O\EMSPROJECT1.NEW\backend-java\attendance-service)
2026-01-19 12:59:55 DEBUG com.example.attendance_service.AttendanceServiceApplication - Running with Spring Boot v3.5.6, Spring v6.2.11
2026-01-19 12:59:55 INFO  com.example.attendance_service.AttendanceServiceApplication - No active profile set, falling back to 1 default profile: "default"
2026-01-19 13:00:09 INFO  com.example.attendance_service.AttendanceServiceApplication - Started AttendanceServiceApplication in 14.643 seconds (process running for 17.493)
2026-01-19 13:00:41 INFO  com.example.attendance_service.AttendanceServiceApplication - Starting AttendanceServiceApplication using Java 24 with PID 12432 (C:\Users\DELL\Desktop\EMSPROJECT1.O\EMSPROJECT1.NEW\backend-java\attendance-service\target\classes started by DELL in C:\Users\DELL\Desktop\EMSPROJECT1.O\EMSPROJECT1.NEW\backend-java\attendance-service)
2026-01-19 13:00:41 DEBUG com.example.attendance_service.AttendanceServiceApplication - Running with Spring Boot v3.5.6, Spring v6.2.11
2026-01-19 13:00:41 INFO  com.example.attendance_service.AttendanceServiceApplication - No active profile set, falling back to 1 default profile: "default"
2026-01-19 13:00:55 INFO  com.example.attendance_service.AttendanceServiceApplication - Started AttendanceServiceApplication in 16.348 seconds (process running for 19.593)
2026-01-19 13:03:52 INFO  com.example.attendance_service.AttendanceServiceApplication - Starting AttendanceServiceApplication using Java 24 with PID 19288 (C:\Users\DELL\Desktop\EMSPROJECT1.O\EMSPROJECT1.NEW\backend-java\attendance-service\target\classes started by DELL in C:\Users\DELL\Desktop\EMSPROJECT1.O\EMSPROJECT1.NEW\backend-java\attendance-service)
2026-01-19 13:03:52 DEBUG com.example.attendance_service.AttendanceServiceApplication - Running with Spring Boot v3.5.6, Spring v6.2.11
2026-01-19 13:03:52 INFO  com.example.attendance_service.AttendanceServiceApplication - No active profile set, falling back to 1 default profile: "default"
2026-01-19 13:04:08 INFO  com.example.attendance_service.AttendanceServiceApplication - Started AttendanceServiceApplication in 16.009 seconds (process running for 18.784)
LOG4J2 2026-01-19 13:12:11 INFO  com.example.attendance_service.AttendanceServiceApplication - Starting AttendanceServiceApplication using Java 24 with PID 16700 (C:\Users\DELL\Desktop\EMSPROJECT1.O\EMSPROJECT1.NEW\backend-java\attendance-service\target\classes started by DELL in C:\Users\DELL\Desktop\EMSPROJECT1.O\EMSPROJECT1.NEW\backend-java\attendance-service)
LOG4J2 2026-01-19 13:12:11 DEBUG com.example.attendance_service.AttendanceServiceApplication - Running with Spring Boot v3.5.6, Spring v6.2.11
LOG4J2 2026-01-19 13:12:12 INFO  com.example.attendance_service.AttendanceServiceApplication - No active profile set, falling back to 1 default profile: "default"
LOG4J2 2026-01-19 13:12:26 INFO  com.example.attendance_service.AttendanceServiceApplication - Started AttendanceServiceApplication in 15.033 seconds (process running for 18.073)
